<?xml version="1.0" encoding="UTF-8"?>
<testng-results ignored="0" total="2" passed="1" failed="1" skipped="0">
  <reporter-output>
  </reporter-output>
  <suite started-at="2020-05-21T21:45:49 AEST" name="Tests.LoginPageTest" finished-at="2020-05-21T21:46:31 AEST" duration-ms="42056">
    <groups>
    </groups>
    <test started-at="2020-05-21T21:45:49 AEST" name="Command line test" finished-at="2020-05-21T21:46:31 AEST" duration-ms="42056">
      <class name="Tests.LoginPageTest">
        <test-method is-config="true" signature="extentReportSetup()[pri:0, instance:Tests.LoginPageTest@545997b1]" started-at="2020-05-21T21:45:49 AEST" name="extentReportSetup" finished-at="2020-05-21T21:45:50 AEST" duration-ms="356" status="PASS">
          <reporter-output>
          </reporter-output>
        </test-method> <!-- extentReportSetup -->
        <test-method is-config="true" signature="Initialize()[pri:0, instance:Tests.LoginPageTest@545997b1]" started-at="2020-05-21T21:45:50 AEST" name="Initialize" finished-at="2020-05-21T21:45:54 AEST" duration-ms="4864" status="PASS">
          <reporter-output>
          </reporter-output>
        </test-method> <!-- Initialize -->
        <test-method signature="loginTestWithCorrectCredentials()[pri:0, instance:Tests.LoginPageTest@545997b1]" started-at="2020-05-21T21:45:54 AEST" name="loginTestWithCorrectCredentials" finished-at="2020-05-21T21:46:12 AEST" duration-ms="17854" status="PASS">
          <reporter-output>
          </reporter-output>
        </test-method> <!-- loginTestWithCorrectCredentials -->
        <test-method is-config="true" signature="getResult(org.testng.ITestResult)[pri:0, instance:Tests.LoginPageTest@545997b1]" started-at="2020-05-21T21:46:12 AEST" name="getResult" finished-at="2020-05-21T21:46:13 AEST" duration-ms="596" status="PASS">
          <params>
            <param index="0">
              <value>
                <![CDATA[[TestResult name=loginTestWithCorrectCredentials status=SUCCESS method=LoginPageTest.loginTestWithCorrectCredentials()[pri:0, instance:Tests.LoginPageTest@545997b1] output={null}]]]>
              </value>
            </param>
          </params>
          <reporter-output>
          </reporter-output>
        </test-method> <!-- getResult -->
        <test-method is-config="true" signature="tearDown()[pri:0, instance:Tests.LoginPageTest@545997b1]" started-at="2020-05-21T21:46:13 AEST" name="tearDown" finished-at="2020-05-21T21:46:13 AEST" duration-ms="0" status="PASS">
          <reporter-output>
          </reporter-output>
        </test-method> <!-- tearDown -->
        <test-method is-config="true" signature="Initialize()[pri:0, instance:Tests.LoginPageTest@545997b1]" started-at="2020-05-21T21:46:13 AEST" name="Initialize" finished-at="2020-05-21T21:46:17 AEST" duration-ms="3647" status="PASS">
          <reporter-output>
          </reporter-output>
        </test-method> <!-- Initialize -->
        <test-method signature="loginTestWithIncorrectCredentials()[pri:0, instance:Tests.LoginPageTest@545997b1]" started-at="2020-05-21T21:46:17 AEST" name="loginTestWithIncorrectCredentials" finished-at="2020-05-21T21:46:29 AEST" duration-ms="12287" status="FAIL">
          <exception class="java.lang.AssertionError">
            <message>
              <![CDATA[expected [true] but found [false]]]>
            </message>
            <full-stacktrace>
              <![CDATA[java.lang.AssertionError: expected [true] but found [false]
at org.testng.Assert.fail(Assert.java:97)
at org.testng.Assert.failNotEquals(Assert.java:969)
at org.testng.Assert.assertTrue(Assert.java:43)
at org.testng.Assert.assertTrue(Assert.java:53)
at Tests.LoginPageTest.loginTestWithIncorrectCredentials(LoginPageTest.java:135)
at java.base/jdk.internal.reflect.NativeMethodAccessorImpl.invoke0(Native Method)
at java.base/jdk.internal.reflect.NativeMethodAccessorImpl.invoke(NativeMethodAccessorImpl.java:62)
at java.base/jdk.internal.reflect.DelegatingMethodAccessorImpl.invoke(DelegatingMethodAccessorImpl.java:43)
at java.base/java.lang.reflect.Method.invoke(Method.java:567)
at org.testng.internal.MethodInvocationHelper.invokeMethod(MethodInvocationHelper.java:134)
at org.testng.internal.TestInvoker.invokeMethod(TestInvoker.java:597)
at org.testng.internal.TestInvoker.invokeTestMethod(TestInvoker.java:173)
at org.testng.internal.MethodRunner.runInSequence(MethodRunner.java:46)
at org.testng.internal.TestInvoker$MethodInvocationAgent.invoke(TestInvoker.java:816)
at org.testng.internal.TestInvoker.invokeTestMethods(TestInvoker.java:146)
at org.testng.internal.TestMethodWorker.invokeTestMethods(TestMethodWorker.java:146)
at org.testng.internal.TestMethodWorker.run(TestMethodWorker.java:128)
at java.base/java.util.ArrayList.forEach(ArrayList.java:1540)
at org.testng.TestRunner.privateRun(TestRunner.java:766)
at org.testng.TestRunner.run(TestRunner.java:587)
at org.testng.SuiteRunner.runTest(SuiteRunner.java:384)
at org.testng.SuiteRunner.runSequentially(SuiteRunner.java:378)
at org.testng.SuiteRunner.privateRun(SuiteRunner.java:337)
at org.testng.SuiteRunner.run(SuiteRunner.java:286)
at org.testng.SuiteRunnerWorker.runSuite(SuiteRunnerWorker.java:53)
at org.testng.SuiteRunnerWorker.run(SuiteRunnerWorker.java:96)
at org.testng.TestNG.runSuitesSequentially(TestNG.java:1187)
at org.testng.TestNG.runSuitesLocally(TestNG.java:1109)
at org.testng.TestNG.runSuites(TestNG.java:1039)
at org.testng.TestNG.run(TestNG.java:1007)
at org.apache.maven.surefire.testng.TestNGExecutor.run(TestNGExecutor.java:77)
at org.apache.maven.surefire.testng.TestNGDirectoryTestSuite.execute(TestNGDirectoryTestSuite.java:110)
at org.apache.maven.surefire.testng.TestNGProvider.invoke(TestNGProvider.java:106)
at java.base/jdk.internal.reflect.NativeMethodAccessorImpl.invoke0(Native Method)
at java.base/jdk.internal.reflect.NativeMethodAccessorImpl.invoke(NativeMethodAccessorImpl.java:62)
at java.base/jdk.internal.reflect.DelegatingMethodAccessorImpl.invoke(DelegatingMethodAccessorImpl.java:43)
at java.base/java.lang.reflect.Method.invoke(Method.java:567)
at org.apache.maven.surefire.util.ReflectionUtils.invokeMethodWithArray(ReflectionUtils.java:189)
at org.apache.maven.surefire.booter.ProviderFactory$ProviderProxy.invoke(ProviderFactory.java:165)
at org.apache.maven.surefire.booter.ProviderFactory.invokeProvider(ProviderFactory.java:85)
at org.apache.maven.surefire.booter.ForkedBooter.runSuitesInProcess(ForkedBooter.java:115)
at org.apache.maven.surefire.booter.ForkedBooter.main(ForkedBooter.java:75)
]]>
            </full-stacktrace>
          </exception> <!-- java.lang.AssertionError -->
          <reporter-output>
          </reporter-output>
        </test-method> <!-- loginTestWithIncorrectCredentials -->
        <test-method is-config="true" signature="getResult(org.testng.ITestResult)[pri:0, instance:Tests.LoginPageTest@545997b1]" started-at="2020-05-21T21:46:29 AEST" name="getResult" finished-at="2020-05-21T21:46:30 AEST" duration-ms="1670" status="PASS">
          <params>
            <param index="0">
              <value>
                <![CDATA[[TestResult name=loginTestWithIncorrectCredentials status=FAILURE method=LoginPageTest.loginTestWithIncorrectCredentials()[pri:0, instance:Tests.LoginPageTest@545997b1] output={null}]]]>
              </value>
            </param>
          </params>
          <reporter-output>
          </reporter-output>
        </test-method> <!-- getResult -->
        <test-method is-config="true" signature="tearDown()[pri:0, instance:Tests.LoginPageTest@545997b1]" started-at="2020-05-21T21:46:30 AEST" name="tearDown" finished-at="2020-05-21T21:46:30 AEST" duration-ms="0" status="PASS">
          <reporter-output>
          </reporter-output>
        </test-method> <!-- tearDown -->
        <test-method is-config="true" signature="endReport()[pri:0, instance:Tests.LoginPageTest@545997b1]" started-at="2020-05-21T21:46:30 AEST" name="endReport" finished-at="2020-05-21T21:46:31 AEST" duration-ms="722" status="PASS">
          <reporter-output>
          </reporter-output>
        </test-method> <!-- endReport -->
      </class> <!-- Tests.LoginPageTest -->
    </test> <!-- Command line test -->
  </suite> <!-- Tests.LoginPageTest -->
</testng-results>
