-------------------------------------------------------------------------------
Test set: Tests.LoginPageTest
-------------------------------------------------------------------------------
Tests run: 2, Failures: 1, Errors: 0, Skipped: 0, Time elapsed: 43.16 sec <<< FAILURE!
loginTestWithIncorrectCredentials(Tests.LoginPageTest)  Time elapsed: 12.283 sec  <<< FAILURE!
java.lang.AssertionError: expected [true] but found [false]
	at org.testng.Assert.fail(Assert.java:97)
	at org.testng.Assert.failNotEquals(Assert.java:969)
	at org.testng.Assert.assertTrue(Assert.java:43)
	at org.testng.Assert.assertTrue(Assert.java:53)
	at Tests.LoginPageTest.loginTestWithIncorrectCredentials(LoginPageTest.java:135)

